  bigSword.cpp
C:\Users\Admin\Documents\SFML-2.6.1\Battle_game_prj_vippro\Weapon.h(5,10): error C1083: Cannot open include file: 'SFML/Graphics.hpp': No such file or directory
  (compiling source file 'bigSword.cpp')
  
  Enemy.cpp
C:\Users\Admin\Documents\SFML-2.6.1\Battle_game_prj_vippro\Enemy.h(4,10): error C1083: Cannot open include file: 'SFML/Graphics.hpp': No such file or directory
  (compiling source file 'Enemy.cpp')
  
  Game.cpp
C:\Users\Admin\Documents\SFML-2.6.1\Battle_game_prj_vippro\Game.h(2,10): error C1083: Cannot open include file: 'SFML/Graphics.hpp': No such file or directory
  (compiling source file 'Game.cpp')
  
  katana.cpp
C:\Users\Admin\Documents\SFML-2.6.1\Battle_game_prj_vippro\Weapon.h(5,10): error C1083: Cannot open include file: 'SFML/Graphics.hpp': No such file or directory
  (compiling source file 'katana.cpp')
  
  Player.cpp
C:\Users\Admin\Documents\SFML-2.6.1\Battle_game_prj_vippro\Player.h(2,10): error C1083: Cannot open include file: 'SFML/Graphics.hpp': No such file or directory
  (compiling source file 'Player.cpp')
  
  Source.cpp
C:\Users\Admin\Documents\SFML-2.6.1\Battle_game_prj_vippro\Source.cpp(1,10): error C1083: Cannot open include file: 'SFML/Graphics.hpp': No such file or directory
  suriken.cpp
C:\Users\Admin\Documents\SFML-2.6.1\Battle_game_prj_vippro\Weapon.h(5,10): error C1083: Cannot open include file: 'SFML/Graphics.hpp': No such file or directory
  (compiling source file 'suriken.cpp')
  
  Weapon.cpp
C:\Users\Admin\Documents\SFML-2.6.1\Battle_game_prj_vippro\Weapon.h(5,10): error C1083: Cannot open include file: 'SFML/Graphics.hpp': No such file or directory
  (compiling source file 'Weapon.cpp')
  
  Generating Code...
